[debug] [2022-02-03T18:26:04.282Z] ----------------------------------------------------------------------
[debug] [2022-02-03T18:26:04.285Z] Command:       C:\Program Files\nodejs\node.exe C:\Users\Admin\AppData\Roaming\npm\node_modules\firebase-tools\lib\bin\firebase.js deploy
[debug] [2022-02-03T18:26:04.286Z] CLI Version:   10.1.4
[debug] [2022-02-03T18:26:04.286Z] Platform:      win32
[debug] [2022-02-03T18:26:04.286Z] Node Version:  v16.13.1
[debug] [2022-02-03T18:26:04.294Z] Time:          Thu Feb 03 2022 10:26:04 GMT-0800 (Pacific Standard Time)
[debug] [2022-02-03T18:26:04.294Z] ----------------------------------------------------------------------
[debug] 
[debug] [2022-02-03T18:26:04.377Z] > command requires scopes: ["email","openid","https://www.googleapis.com/auth/cloudplatformprojects.readonly","https://www.googleapis.com/auth/firebase","https://www.googleapis.com/auth/cloud-platform"]
[debug] [2022-02-03T18:26:04.377Z] > authorizing via signed-in user (pwelby@gmail.com)
[debug] [2022-02-03T18:26:04.377Z] [iam] checking project react-firebase-dojo-6c824 for permissions ["datastore.indexes.create","datastore.indexes.delete","datastore.indexes.list","datastore.indexes.update","firebase.projects.get","firebasehosting.sites.update","firebaserules.releases.create","firebaserules.releases.update","firebaserules.rulesets.create"]
[debug] [2022-02-03T18:26:04.379Z] > refreshing access token with scopes: []
[debug] [2022-02-03T18:26:04.380Z] >>> HTTP REQUEST POST https://www.googleapis.com/oauth2/v3/token  
 <request body omitted>
[debug] [2022-02-03T18:26:05.011Z] <<< HTTP RESPONSE 200 {"cache-control":"no-cache, no-store, max-age=0, must-revalidate","pragma":"no-cache","expires":"Mon, 01 Jan 1990 00:00:00 GMT","date":"Thu, 03 Feb 2022 18:26:05 GMT","content-type":"application/json; charset=utf-8","vary":"X-Origin, Referer, Origin,Accept-Encoding","server":"scaffolding on HTTPServer2","x-xss-protection":"0","x-frame-options":"SAMEORIGIN","x-content-type-options":"nosniff","alt-svc":"h3=\":443\"; ma=2592000,h3-29=\":443\"; ma=2592000,h3-Q050=\":443\"; ma=2592000,h3-Q046=\":443\"; ma=2592000,h3-Q043=\":443\"; ma=2592000,quic=\":443\"; ma=2592000; v=\"46,43\"","accept-ranges":"none","transfer-encoding":"chunked"}
[debug] [2022-02-03T18:26:05.134Z] >>> [apiv2][query] POST https://cloudresourcemanager.googleapis.com/v1/projects/react-firebase-dojo-6c824:testIamPermissions [none]
[debug] [2022-02-03T18:26:05.135Z] >>> [apiv2][body] POST https://cloudresourcemanager.googleapis.com/v1/projects/react-firebase-dojo-6c824:testIamPermissions {"permissions":["datastore.indexes.create","datastore.indexes.delete","datastore.indexes.list","datastore.indexes.update","firebase.projects.get","firebasehosting.sites.update","firebaserules.releases.create","firebaserules.releases.update","firebaserules.rulesets.create"]}
[debug] [2022-02-03T18:26:05.706Z] <<< [apiv2][status] POST https://cloudresourcemanager.googleapis.com/v1/projects/react-firebase-dojo-6c824:testIamPermissions 200
[debug] [2022-02-03T18:26:05.707Z] <<< [apiv2][body] POST https://cloudresourcemanager.googleapis.com/v1/projects/react-firebase-dojo-6c824:testIamPermissions {"permissions":["datastore.indexes.create","datastore.indexes.delete","datastore.indexes.list","datastore.indexes.update","firebase.projects.get","firebasehosting.sites.update","firebaserules.releases.create","firebaserules.releases.update","firebaserules.rulesets.create"]}
[debug] [2022-02-03T18:26:05.708Z] >>> [apiv2][query] GET https://firebase.googleapis.com/v1beta1/projects/react-firebase-dojo-6c824 [none]
[debug] [2022-02-03T18:26:06.581Z] <<< [apiv2][status] GET https://firebase.googleapis.com/v1beta1/projects/react-firebase-dojo-6c824 200
[debug] [2022-02-03T18:26:06.581Z] <<< [apiv2][body] GET https://firebase.googleapis.com/v1beta1/projects/react-firebase-dojo-6c824 {"projectId":"react-firebase-dojo-6c824","projectNumber":"151978780539","displayName":"react-firebase-dojo","name":"projects/react-firebase-dojo-6c824","resources":{"hostingSite":"react-firebase-dojo-6c824","storageBucket":"react-firebase-dojo-6c824.appspot.com","locationId":"us-west2"},"state":"ACTIVE"}
[info] 
[info] === Deploying to 'react-firebase-dojo-6c824'...
[info] 
[info] i  deploying storage, firestore, hosting 
[debug] [2022-02-03T18:26:06.585Z] >>> [apiv2][query] GET https://appengine.googleapis.com/v1/apps/react-firebase-dojo-6c824 [none]
[debug] [2022-02-03T18:26:07.327Z] <<< [apiv2][status] GET https://appengine.googleapis.com/v1/apps/react-firebase-dojo-6c824 200
[debug] [2022-02-03T18:26:07.327Z] <<< [apiv2][body] GET https://appengine.googleapis.com/v1/apps/react-firebase-dojo-6c824 {"name":"apps/react-firebase-dojo-6c824","id":"react-firebase-dojo-6c824","authDomain":"gmail.com","locationId":"us-west2","codeBucket":"staging.react-firebase-dojo-6c824.appspot.com","servingStatus":"SERVING","defaultHostname":"react-firebase-dojo-6c824.wl.r.appspot.com","defaultBucket":"react-firebase-dojo-6c824.appspot.com","serviceAccount":"react-firebase-dojo-6c824@appspot.gserviceaccount.com","gcrDomain":"us.gcr.io","databaseType":"CLOUD_FIRESTORE","featureSettings":{"splitHealthChecks":true,"useContainerOptimizedOs":true}}
[info] i  firebase.storage: checking storage.rules for compilation errors... 
[debug] [2022-02-03T18:26:07.329Z] >>> [apiv2][query] POST https://firebaserules.googleapis.com/v1/projects/react-firebase-dojo-6c824:test [none]
[debug] [2022-02-03T18:26:07.329Z] >>> [apiv2][body] POST https://firebaserules.googleapis.com/v1/projects/react-firebase-dojo-6c824:test [omitted]
[debug] [2022-02-03T18:26:08.065Z] <<< [apiv2][status] POST https://firebaserules.googleapis.com/v1/projects/react-firebase-dojo-6c824:test 200
[debug] [2022-02-03T18:26:08.065Z] <<< [apiv2][body] POST https://firebaserules.googleapis.com/v1/projects/react-firebase-dojo-6c824:test {}
[info] +  firebase.storage: rules file storage.rules compiled successfully 
[info] i  firestore: reading indexes from firestore.indexes.json... 
[info] i  cloud.firestore: checking firestore.rules for compilation errors... 
[debug] [2022-02-03T18:26:08.071Z] >>> [apiv2][query] POST https://firebaserules.googleapis.com/v1/projects/react-firebase-dojo-6c824:test [none]
[debug] [2022-02-03T18:26:08.071Z] >>> [apiv2][body] POST https://firebaserules.googleapis.com/v1/projects/react-firebase-dojo-6c824:test [omitted]
[debug] [2022-02-03T18:26:08.838Z] <<< [apiv2][status] POST https://firebaserules.googleapis.com/v1/projects/react-firebase-dojo-6c824:test 200
[debug] [2022-02-03T18:26:08.838Z] <<< [apiv2][body] POST https://firebaserules.googleapis.com/v1/projects/react-firebase-dojo-6c824:test {}
[info] +  cloud.firestore: rules file firestore.rules compiled successfully 
[debug] [2022-02-03T18:26:08.842Z] > refreshing access token with scopes: ["email","https://www.googleapis.com/auth/cloud-platform","https://www.googleapis.com/auth/cloudplatformprojects.readonly","https://www.googleapis.com/auth/firebase","openid"]
[debug] [2022-02-03T18:26:08.842Z] >>> HTTP REQUEST POST https://www.googleapis.com/oauth2/v3/token  
 <request body omitted>
[debug] [2022-02-03T18:26:09.647Z] <<< HTTP RESPONSE 200 {"cache-control":"no-cache, no-store, max-age=0, must-revalidate","date":"Thu, 03 Feb 2022 18:26:10 GMT","expires":"Mon, 01 Jan 1990 00:00:00 GMT","pragma":"no-cache","content-type":"application/json; charset=utf-8","vary":"X-Origin, Referer, Origin,Accept-Encoding","server":"scaffolding on HTTPServer2","x-xss-protection":"0","x-frame-options":"SAMEORIGIN","x-content-type-options":"nosniff","alt-svc":"h3=\":443\"; ma=2592000,h3-29=\":443\"; ma=2592000,h3-Q050=\":443\"; ma=2592000,h3-Q046=\":443\"; ma=2592000,h3-Q043=\":443\"; ma=2592000,quic=\":443\"; ma=2592000; v=\"46,43\"","accept-ranges":"none","transfer-encoding":"chunked"}
[debug] [2022-02-03T18:26:09.665Z] >>> HTTP REQUEST POST https://firebasehosting.googleapis.com/v1beta1/sites/react-firebase-dojo-6c824/versions  
 {"config":{"rewrites":[{"glob":"**","path":"/index.html"}]},"labels":{"deployment-tool":"cli-firebase"}}
[debug] [2022-02-03T18:26:10.835Z] <<< HTTP RESPONSE 200 {"content-type":"application/json; charset=UTF-8","vary":"X-Origin, Referer, Origin,Accept-Encoding","date":"Thu, 03 Feb 2022 18:26:11 GMT","server":"ESF","cache-control":"private","x-xss-protection":"0","x-frame-options":"SAMEORIGIN","x-content-type-options":"nosniff","alt-svc":"h3=\":443\"; ma=2592000,h3-29=\":443\"; ma=2592000,h3-Q050=\":443\"; ma=2592000,h3-Q046=\":443\"; ma=2592000,h3-Q043=\":443\"; ma=2592000,quic=\":443\"; ma=2592000; v=\"46,43\"","accept-ranges":"none","transfer-encoding":"chunked"}
[debug] [2022-02-03T18:26:10.836Z] > refreshing access token with scopes: []
[debug] [2022-02-03T18:26:10.837Z] >>> HTTP REQUEST POST https://www.googleapis.com/oauth2/v3/token  
 <request body omitted>
[debug] [2022-02-03T18:26:11.372Z] <<< HTTP RESPONSE 200 {"pragma":"no-cache","expires":"Mon, 01 Jan 1990 00:00:00 GMT","date":"Thu, 03 Feb 2022 18:26:11 GMT","cache-control":"no-cache, no-store, max-age=0, must-revalidate","content-type":"application/json; charset=utf-8","vary":"X-Origin, Referer, Origin,Accept-Encoding","server":"scaffolding on HTTPServer2","x-xss-protection":"0","x-frame-options":"SAMEORIGIN","x-content-type-options":"nosniff","alt-svc":"h3=\":443\"; ma=2592000,h3-29=\":443\"; ma=2592000,h3-Q050=\":443\"; ma=2592000,h3-Q046=\":443\"; ma=2592000,h3-Q043=\":443\"; ma=2592000,quic=\":443\"; ma=2592000; v=\"46,43\"","accept-ranges":"none","transfer-encoding":"chunked"}
[debug] [2022-02-03T18:26:11.417Z] >>> [apiv2][query] GET https://firebaserules.googleapis.com/v1/projects/react-firebase-dojo-6c824/releases pageSize=10&pageToken=
[debug] [2022-02-03T18:26:12.059Z] <<< [apiv2][status] GET https://firebaserules.googleapis.com/v1/projects/react-firebase-dojo-6c824/releases 200
[debug] [2022-02-03T18:26:12.059Z] <<< [apiv2][body] GET https://firebaserules.googleapis.com/v1/projects/react-firebase-dojo-6c824/releases {"releases":[{"name":"projects/react-firebase-dojo-6c824/releases/cloud.firestore","rulesetName":"projects/react-firebase-dojo-6c824/rulesets/cd5ac085-2959-4b68-862b-803b2959b57b","createTime":"2022-01-30T18:28:22.304199Z","updateTime":"2022-02-03T17:57:33.573669Z"},{"name":"projects/react-firebase-dojo-6c824/releases/firebase.storage/react-firebase-dojo-6c824.appspot.com","rulesetName":"projects/react-firebase-dojo-6c824/rulesets/d29ab610-79f8-498a-99c4-fa2f14539c9c","createTime":"2022-01-31T03:57:38.176533Z","updateTime":"2022-02-03T17:57:32.549041Z"}]}
[debug] [2022-02-03T18:26:12.060Z] >>> [apiv2][query] GET https://firebaserules.googleapis.com/v1/projects/react-firebase-dojo-6c824/rulesets/d29ab610-79f8-498a-99c4-fa2f14539c9c [none]
[debug] [2022-02-03T18:26:12.861Z] <<< [apiv2][status] GET https://firebaserules.googleapis.com/v1/projects/react-firebase-dojo-6c824/rulesets/d29ab610-79f8-498a-99c4-fa2f14539c9c 200
[debug] [2022-02-03T18:26:12.861Z] <<< [apiv2][body] GET https://firebaserules.googleapis.com/v1/projects/react-firebase-dojo-6c824/rulesets/d29ab610-79f8-498a-99c4-fa2f14539c9c [omitted]
[info] i  storage: latest version of storage.rules already up to date, skipping upload... 
[debug] [2022-02-03T18:26:12.872Z] > refreshing access token with scopes: ["email","https://www.googleapis.com/auth/cloud-platform","https://www.googleapis.com/auth/cloudplatformprojects.readonly","https://www.googleapis.com/auth/firebase","openid"]
[debug] [2022-02-03T18:26:12.874Z] >>> HTTP REQUEST POST https://www.googleapis.com/oauth2/v3/token  
 <request body omitted>
[debug] [2022-02-03T18:26:12.877Z] >>> [apiv2][query] GET https://firebaserules.googleapis.com/v1/projects/react-firebase-dojo-6c824/releases pageSize=10&pageToken=
[debug] [2022-02-03T18:26:13.495Z] <<< HTTP RESPONSE 200 {"pragma":"no-cache","date":"Thu, 03 Feb 2022 18:26:14 GMT","expires":"Mon, 01 Jan 1990 00:00:00 GMT","cache-control":"no-cache, no-store, max-age=0, must-revalidate","content-type":"application/json; charset=utf-8","vary":"X-Origin, Referer, Origin,Accept-Encoding","server":"scaffolding on HTTPServer2","x-xss-protection":"0","x-frame-options":"SAMEORIGIN","x-content-type-options":"nosniff","alt-svc":"h3=\":443\"; ma=2592000,h3-29=\":443\"; ma=2592000,h3-Q050=\":443\"; ma=2592000,h3-Q046=\":443\"; ma=2592000,h3-Q043=\":443\"; ma=2592000,quic=\":443\"; ma=2592000; v=\"46,43\"","accept-ranges":"none","transfer-encoding":"chunked"}
[debug] [2022-02-03T18:26:13.510Z] >>> HTTP REQUEST GET https://firestore.googleapis.com/v1/projects/react-firebase-dojo-6c824/databases/(default)/collectionGroups/-/indexes  
 
[debug] [2022-02-03T18:26:13.597Z] <<< [apiv2][status] GET https://firebaserules.googleapis.com/v1/projects/react-firebase-dojo-6c824/releases 200
[debug] [2022-02-03T18:26:13.598Z] <<< [apiv2][body] GET https://firebaserules.googleapis.com/v1/projects/react-firebase-dojo-6c824/releases {"releases":[{"name":"projects/react-firebase-dojo-6c824/releases/cloud.firestore","rulesetName":"projects/react-firebase-dojo-6c824/rulesets/cd5ac085-2959-4b68-862b-803b2959b57b","createTime":"2022-01-30T18:28:22.304199Z","updateTime":"2022-02-03T17:57:33.573669Z"},{"name":"projects/react-firebase-dojo-6c824/releases/firebase.storage/react-firebase-dojo-6c824.appspot.com","rulesetName":"projects/react-firebase-dojo-6c824/rulesets/d29ab610-79f8-498a-99c4-fa2f14539c9c","createTime":"2022-01-31T03:57:38.176533Z","updateTime":"2022-02-03T17:57:32.549041Z"}]}
[debug] [2022-02-03T18:26:13.599Z] > refreshing access token with scopes: []
[debug] [2022-02-03T18:26:13.600Z] >>> HTTP REQUEST POST https://www.googleapis.com/oauth2/v3/token  
 <request body omitted>
[debug] [2022-02-03T18:26:14.103Z] <<< HTTP RESPONSE 200 {"cache-control":"no-cache, no-store, max-age=0, must-revalidate","pragma":"no-cache","date":"Thu, 03 Feb 2022 18:26:14 GMT","expires":"Mon, 01 Jan 1990 00:00:00 GMT","content-type":"application/json; charset=utf-8","vary":"X-Origin, Referer, Origin,Accept-Encoding","server":"scaffolding on HTTPServer2","x-xss-protection":"0","x-frame-options":"SAMEORIGIN","x-content-type-options":"nosniff","alt-svc":"h3=\":443\"; ma=2592000,h3-29=\":443\"; ma=2592000,h3-Q050=\":443\"; ma=2592000,h3-Q046=\":443\"; ma=2592000,h3-Q043=\":443\"; ma=2592000,quic=\":443\"; ma=2592000; v=\"46,43\"","accept-ranges":"none","transfer-encoding":"chunked"}
[debug] [2022-02-03T18:26:14.127Z] >>> [apiv2][query] GET https://firebaserules.googleapis.com/v1/projects/react-firebase-dojo-6c824/rulesets/cd5ac085-2959-4b68-862b-803b2959b57b [none]
[debug] [2022-02-03T18:26:14.534Z] <<< HTTP RESPONSE 200 {"content-type":"application/json; charset=UTF-8","vary":"X-Origin, Referer, Origin,Accept-Encoding","date":"Thu, 03 Feb 2022 18:26:15 GMT","server":"ESF","cache-control":"private","x-xss-protection":"0","x-frame-options":"SAMEORIGIN","x-content-type-options":"nosniff","alt-svc":"h3=\":443\"; ma=2592000,h3-29=\":443\"; ma=2592000,h3-Q050=\":443\"; ma=2592000,h3-Q046=\":443\"; ma=2592000,h3-Q043=\":443\"; ma=2592000,quic=\":443\"; ma=2592000; v=\"46,43\"","accept-ranges":"none","transfer-encoding":"chunked"}
[debug] [2022-02-03T18:26:14.535Z] > refreshing access token with scopes: ["email","https://www.googleapis.com/auth/cloud-platform","https://www.googleapis.com/auth/cloudplatformprojects.readonly","https://www.googleapis.com/auth/firebase","openid"]
[debug] [2022-02-03T18:26:14.535Z] >>> HTTP REQUEST POST https://www.googleapis.com/oauth2/v3/token  
 <request body omitted>
[debug] [2022-02-03T18:26:14.755Z] <<< [apiv2][status] GET https://firebaserules.googleapis.com/v1/projects/react-firebase-dojo-6c824/rulesets/cd5ac085-2959-4b68-862b-803b2959b57b 200
[debug] [2022-02-03T18:26:14.755Z] <<< [apiv2][body] GET https://firebaserules.googleapis.com/v1/projects/react-firebase-dojo-6c824/rulesets/cd5ac085-2959-4b68-862b-803b2959b57b [omitted]
[info] i  firestore: latest version of firestore.rules already up to date, skipping upload... 
[debug] [2022-02-03T18:26:15.039Z] <<< HTTP RESPONSE 200 {"date":"Thu, 03 Feb 2022 18:26:15 GMT","cache-control":"no-cache, no-store, max-age=0, must-revalidate","expires":"Mon, 01 Jan 1990 00:00:00 GMT","pragma":"no-cache","content-type":"application/json; charset=utf-8","vary":"X-Origin, Referer, Origin,Accept-Encoding","server":"scaffolding on HTTPServer2","x-xss-protection":"0","x-frame-options":"SAMEORIGIN","x-content-type-options":"nosniff","alt-svc":"h3=\":443\"; ma=2592000,h3-29=\":443\"; ma=2592000,h3-Q050=\":443\"; ma=2592000,h3-Q046=\":443\"; ma=2592000,h3-Q043=\":443\"; ma=2592000,quic=\":443\"; ma=2592000; v=\"46,43\"","accept-ranges":"none","transfer-encoding":"chunked"}
[debug] [2022-02-03T18:26:15.053Z] >>> HTTP REQUEST GET https://firestore.googleapis.com/v1/projects/react-firebase-dojo-6c824/databases/(default)/collectionGroups/-/fields?filter=indexConfig.usesAncestorConfig=false  
 
[debug] [2022-02-03T18:26:16.087Z] <<< HTTP RESPONSE 200 {"content-type":"application/json; charset=UTF-8","vary":"X-Origin, Referer, Origin,Accept-Encoding","date":"Thu, 03 Feb 2022 18:26:16 GMT","server":"ESF","cache-control":"private","x-xss-protection":"0","x-frame-options":"SAMEORIGIN","x-content-type-options":"nosniff","alt-svc":"h3=\":443\"; ma=2592000,h3-29=\":443\"; ma=2592000,h3-Q050=\":443\"; ma=2592000,h3-Q046=\":443\"; ma=2592000,h3-Q043=\":443\"; ma=2592000,quic=\":443\"; ma=2592000; v=\"46,43\"","accept-ranges":"none","transfer-encoding":"chunked"}
[info] +  firestore: deployed indexes in firestore.indexes.json successfully 
[info] i  hosting[react-firebase-dojo-6c824]: beginning deploy... 
[info] i  hosting[react-firebase-dojo-6c824]: found 19 files in build 
[debug] [2022-02-03T18:26:16.584Z] > refreshing access token with scopes: []
[debug] [2022-02-03T18:26:16.584Z] >>> HTTP REQUEST POST https://www.googleapis.com/oauth2/v3/token  
 <request body omitted>
[debug] [2022-02-03T18:26:16.586Z] [hosting] hash cache [YnVpbGQ] stored for 19 files
[debug] [2022-02-03T18:26:16.586Z] [hosting][hash queue][FINAL] {"max":470,"min":3,"avg":33.63157894736842,"active":0,"complete":19,"success":19,"errored":0,"retried":0,"total":19,"elapsed":477}
[debug] [2022-02-03T18:26:17.239Z] <<< HTTP RESPONSE 200 {"expires":"Mon, 01 Jan 1990 00:00:00 GMT","cache-control":"no-cache, no-store, max-age=0, must-revalidate","date":"Thu, 03 Feb 2022 18:26:17 GMT","pragma":"no-cache","content-type":"application/json; charset=utf-8","vary":"X-Origin, Referer, Origin,Accept-Encoding","server":"scaffolding on HTTPServer2","x-xss-protection":"0","x-frame-options":"SAMEORIGIN","x-content-type-options":"nosniff","alt-svc":"h3=\":443\"; ma=2592000,h3-29=\":443\"; ma=2592000,h3-Q050=\":443\"; ma=2592000,h3-Q046=\":443\"; ma=2592000,h3-Q043=\":443\"; ma=2592000,quic=\":443\"; ma=2592000; v=\"46,43\"","accept-ranges":"none","transfer-encoding":"chunked"}
[debug] [2022-02-03T18:26:17.253Z] >>> [apiv2][query] POST https://firebasehosting.googleapis.com/v1beta1/sites/react-firebase-dojo-6c824/versions/c5af8fe5fa7ba8a5:populateFiles [none]
[debug] [2022-02-03T18:26:17.253Z] >>> [apiv2][body] POST https://firebasehosting.googleapis.com/v1beta1/sites/react-firebase-dojo-6c824/versions/c5af8fe5fa7ba8a5:populateFiles {"files":{"/favicon.ico":"eae62e993eb980ec8a25058c39d5a51feab118bd2100c4deebb2a9c158ec11f9","/logo192.png":"3ee59515172ee198f3be375979df15ac5345183e656720a381b8872b2a39dc8b","/logo512.png":"ee7e2f3fdb8209c4b6fd7bef6ba50d1b9dba30a25bb5c3126df057e1cb6f5331","/manifest.json":"aff3449bdc238776f5d6d967f19ec491b36aed5fb7f23ccff6500736fd58494a","/robots.txt":"bfe106a3fb878dc83461c86818bf74fc1bdc7f28538ba613cd3e775516ce8b49","/asset-manifest.json":"a9410e0d9cc879c74ebf50e87779e78fc72ef69808b5b206f353a4a3a19670e9","/index.html":"5025b6d7173c76ed826c9e8c79c8937b5821ceae61d544e8f5ab4c7366224939","/static/css/main.090ff5ae.chunk.css":"d791686e855c7ec4486ad7b69fead9cd7dacd059a3150bcaff1c54dbeb8ccd65","/static/js/2.2cd2c7bb.chunk.js.LICENSE.txt":"dc599aabe26327d822d92ba6c7f68e1c10bd5f10c5b60a2a9abd3ac518badd7a","/static/css/main.090ff5ae.chunk.css.map":"e9eea09aa91b195a653c96aa3b657d0b4e4bf702e013ad0324d915e633358431","/static/js/main.6b8e10e0.chunk.js":"b8232eb494dee9f7487ecb766bd9bd74e4d1d31318fb12f5cd2cdc524a54b701","/static/js/runtime-main.7cb0dfeb.js.map":"84bc749b55e2c70b5baa491bd9f9dcf850acec79c086fd4b8bce209f839ab3c0","/static/js/runtime-main.7cb0dfeb.js":"cde51f584e1e0ca0ba7b024c4f41af7e5bcec29a662656fd30e64712941e00a8","/static/media/add_icon.376e9b6a.svg":"1ad10c2199af4f578f7362be310e1ad099c0f9a0ef324b7269aaa2486ad80a60","/static/media/dashboard_icon.bc800f3b.svg":"a1e4f83ccb3b055123f9178727f0d0c1851aafc4746a522427e454b7c8b3d6d7","/static/media/temple.c57f882d.svg":"32d318935b681802a3048c3279c7ae9a85bfd0a3263f200deaf9d6e8fc73a993","/static/js/main.6b8e10e0.chunk.js.map":"93a6cbba640dd355cb58f4274a5d2b75666b5a78c178c112dc98be309d9107c3","/static/js/2.2cd2c7bb.chunk.js":"1c8da6ecc5ac929f06f28ed65a24255e94bd182b78241f1f73794e14f524efd8","/static/js/2.2cd2c7bb.chunk.js.map":"48ca045d7963c72e95e56c390d47b2b547c69b141ac2170d7e7d1e2e140a6723"}}
[debug] [2022-02-03T18:26:18.176Z] <<< [apiv2][status] POST https://firebasehosting.googleapis.com/v1beta1/sites/react-firebase-dojo-6c824/versions/c5af8fe5fa7ba8a5:populateFiles 200
[debug] [2022-02-03T18:26:18.176Z] <<< [apiv2][body] POST https://firebasehosting.googleapis.com/v1beta1/sites/react-firebase-dojo-6c824/versions/c5af8fe5fa7ba8a5:populateFiles {"uploadRequiredHashes":["d791686e855c7ec4486ad7b69fead9cd7dacd059a3150bcaff1c54dbeb8ccd65","a9410e0d9cc879c74ebf50e87779e78fc72ef69808b5b206f353a4a3a19670e9","e9eea09aa91b195a653c96aa3b657d0b4e4bf702e013ad0324d915e633358431","5025b6d7173c76ed826c9e8c79c8937b5821ceae61d544e8f5ab4c7366224939"],"uploadUrl":"https://upload-firebasehosting.googleapis.com/upload/sites/react-firebase-dojo-6c824/versions/c5af8fe5fa7ba8a5/files"}
[debug] [2022-02-03T18:26:18.177Z] >>> [apiv2][query] POST https://upload-firebasehosting.googleapis.com/upload/sites/react-firebase-dojo-6c824/versions/c5af8fe5fa7ba8a5/files/d791686e855c7ec4486ad7b69fead9cd7dacd059a3150bcaff1c54dbeb8ccd65 [none]
[debug] [2022-02-03T18:26:18.178Z] >>> [apiv2][body] POST https://upload-firebasehosting.googleapis.com/upload/sites/react-firebase-dojo-6c824/versions/c5af8fe5fa7ba8a5/files/d791686e855c7ec4486ad7b69fead9cd7dacd059a3150bcaff1c54dbeb8ccd65 [stream]
[debug] [2022-02-03T18:26:18.179Z] >>> [apiv2][query] POST https://upload-firebasehosting.googleapis.com/upload/sites/react-firebase-dojo-6c824/versions/c5af8fe5fa7ba8a5/files/a9410e0d9cc879c74ebf50e87779e78fc72ef69808b5b206f353a4a3a19670e9 [none]
[debug] [2022-02-03T18:26:18.179Z] >>> [apiv2][body] POST https://upload-firebasehosting.googleapis.com/upload/sites/react-firebase-dojo-6c824/versions/c5af8fe5fa7ba8a5/files/a9410e0d9cc879c74ebf50e87779e78fc72ef69808b5b206f353a4a3a19670e9 [stream]
[debug] [2022-02-03T18:26:18.179Z] >>> [apiv2][query] POST https://upload-firebasehosting.googleapis.com/upload/sites/react-firebase-dojo-6c824/versions/c5af8fe5fa7ba8a5/files/e9eea09aa91b195a653c96aa3b657d0b4e4bf702e013ad0324d915e633358431 [none]
[debug] [2022-02-03T18:26:18.179Z] >>> [apiv2][body] POST https://upload-firebasehosting.googleapis.com/upload/sites/react-firebase-dojo-6c824/versions/c5af8fe5fa7ba8a5/files/e9eea09aa91b195a653c96aa3b657d0b4e4bf702e013ad0324d915e633358431 [stream]
[debug] [2022-02-03T18:26:18.180Z] >>> [apiv2][query] POST https://upload-firebasehosting.googleapis.com/upload/sites/react-firebase-dojo-6c824/versions/c5af8fe5fa7ba8a5/files/5025b6d7173c76ed826c9e8c79c8937b5821ceae61d544e8f5ab4c7366224939 [none]
[debug] [2022-02-03T18:26:18.180Z] >>> [apiv2][body] POST https://upload-firebasehosting.googleapis.com/upload/sites/react-firebase-dojo-6c824/versions/c5af8fe5fa7ba8a5/files/5025b6d7173c76ed826c9e8c79c8937b5821ceae61d544e8f5ab4c7366224939 [stream]
[debug] [2022-02-03T18:26:18.181Z] [hosting][populate queue][FINAL] {"max":1593,"min":1593,"avg":1593,"active":0,"complete":1,"success":1,"errored":0,"retried":0,"total":1,"elapsed":1597}
[debug] [2022-02-03T18:26:18.181Z] [hosting] uploads queued: 4
[debug] [2022-02-03T18:26:19.380Z] <<< [apiv2][status] POST https://upload-firebasehosting.googleapis.com/upload/sites/react-firebase-dojo-6c824/versions/c5af8fe5fa7ba8a5/files/e9eea09aa91b195a653c96aa3b657d0b4e4bf702e013ad0324d915e633358431 200
[debug] [2022-02-03T18:26:19.380Z] <<< [apiv2][body] POST https://upload-firebasehosting.googleapis.com/upload/sites/react-firebase-dojo-6c824/versions/c5af8fe5fa7ba8a5/files/e9eea09aa91b195a653c96aa3b657d0b4e4bf702e013ad0324d915e633358431 [stream]
[debug] [2022-02-03T18:26:19.468Z] <<< [apiv2][status] POST https://upload-firebasehosting.googleapis.com/upload/sites/react-firebase-dojo-6c824/versions/c5af8fe5fa7ba8a5/files/d791686e855c7ec4486ad7b69fead9cd7dacd059a3150bcaff1c54dbeb8ccd65 200
[debug] [2022-02-03T18:26:19.468Z] <<< [apiv2][body] POST https://upload-firebasehosting.googleapis.com/upload/sites/react-firebase-dojo-6c824/versions/c5af8fe5fa7ba8a5/files/d791686e855c7ec4486ad7b69fead9cd7dacd059a3150bcaff1c54dbeb8ccd65 [stream]
[debug] [2022-02-03T18:26:19.757Z] <<< [apiv2][status] POST https://upload-firebasehosting.googleapis.com/upload/sites/react-firebase-dojo-6c824/versions/c5af8fe5fa7ba8a5/files/a9410e0d9cc879c74ebf50e87779e78fc72ef69808b5b206f353a4a3a19670e9 200
[debug] [2022-02-03T18:26:19.757Z] <<< [apiv2][body] POST https://upload-firebasehosting.googleapis.com/upload/sites/react-firebase-dojo-6c824/versions/c5af8fe5fa7ba8a5/files/a9410e0d9cc879c74ebf50e87779e78fc72ef69808b5b206f353a4a3a19670e9 [stream]
